-------------------------------------------------------------------------------
Test set: runner.TestRunner
-------------------------------------------------------------------------------
Tests run: 4, Failures: 0, Errors: 4, Skipped: 0, Time elapsed: 15.369 s <<< FAILURE! - in runner.TestRunner
Retail Website login test(User log in to Retail Website)  Time elapsed: 3.981 s  <<< ERROR!
io.cucumber.junit.UndefinedStepException: 
The step 'User click on Login button' is undefined.
You can implement this step using the snippet(s) below:

@When("User click on Login button")
public void user_click_on_login_button() {
    // Write code here that turns the phrase above into concrete actions
    throw new io.cucumber.java.PendingException();
}


Retail Website Login test with Multiple accounts #1(User log in to Retail Website)  Time elapsed: 2.944 s  <<< ERROR!
io.cucumber.junit.UndefinedStepException: 
The step 'User click on Login button' is undefined.
You can implement this step using the snippet(s) below:

@When("User click on Login button")
public void user_click_on_login_button() {
    // Write code here that turns the phrase above into concrete actions
    throw new io.cucumber.java.PendingException();
}


Retail Website Login test with Multiple accounts #2(User log in to Retail Website)  Time elapsed: 2.985 s  <<< ERROR!
io.cucumber.junit.UndefinedStepException: 
The step 'User click on Login button' is undefined.
You can implement this step using the snippet(s) below:

@When("User click on Login button")
public void user_click_on_login_button() {
    // Write code here that turns the phrase above into concrete actions
    throw new io.cucumber.java.PendingException();
}


Retail Website Login test with Multiple accounts #3(User log in to Retail Website)  Time elapsed: 3.038 s  <<< ERROR!
io.cucumber.junit.UndefinedStepException: 
The step 'User click on Login button' is undefined.
You can implement this step using the snippet(s) below:

@When("User click on Login button")
public void user_click_on_login_button() {
    // Write code here that turns the phrase above into concrete actions
    throw new io.cucumber.java.PendingException();
}


